TN:
SF:src/currency-converter.ts
FN:6,codeToIsoCode
FN:20,CurrencyConverter
FN:22,Object.<anonymous>.CurrencyConverter.sum
FNF:3
FNH:3
FNDA:2,codeToIsoCode
FNDA:2,CurrencyConverter
FNDA:1,Object.<anonymous>.CurrencyConverter.sum
DA:1,1
DA:2,1
DA:3,1
DA:4,1
DA:5,1
DA:6,2
DA:7,2
DA:8,2
DA:9,1
DA:10,2
DA:11,1
DA:12,2
DA:13,0
DA:14,2
DA:15,0
DA:16,2
DA:17,2
DA:18,1
DA:19,1
DA:20,1
DA:21,1
DA:22,1
DA:23,1
DA:24,1
DA:25,1
DA:26,1
DA:27,1
DA:28,1
DA:29,1
DA:30,1
DA:31,1
DA:32,1
DA:33,1
DA:34,1
DA:35,1
DA:36,1
DA:37,1
DA:38,1
DA:39,1
DA:40,1
DA:41,0
DA:42,0
DA:43,1
LF:43
LH:39
BRDA:6,0,0,2
BRDA:8,1,0,1
BRDA:10,2,0,1
BRDA:12,3,0,0
BRDA:14,4,0,0
BRDA:19,5,0,1
BRDA:20,6,0,2
BRDA:22,7,0,1
BRDA:39,8,0,0
BRDA:41,9,0,0
BRF:10
BRH:6
end_of_record
TN:
SF:src/external/conversion-rate-api.ts
FN:6,ConversionRateApi
FN:7,Object.<anonymous>.ConversionRateApi.getRate
FNF:2
FNH:2
FNDA:2,ConversionRateApi
FNDA:1,Object.<anonymous>.ConversionRateApi.getRate
DA:1,1
DA:2,1
DA:3,1
DA:4,1
DA:5,1
DA:6,2
DA:7,2
DA:8,1
DA:9,1
DA:10,1
DA:11,1
DA:12,1
DA:13,2
LF:13
LH:13
BRDA:6,0,0,1
BRDA:6,1,0,2
BRDA:7,2,0,1
BRF:3
BRH:3
end_of_record
TN:
SF:src/external/currency-iso-code.ts
FNF:0
FNH:0
DA:1,1
DA:2,1
DA:3,1
DA:4,1
DA:5,1
DA:6,1
LF:6
LH:6
BRDA:1,0,0,1
BRF:1
BRH:1
end_of_record
TN:
SF:src/model/currency.ts
FNF:0
FNH:0
DA:1,1
DA:2,1
DA:3,1
DA:4,1
DA:5,1
DA:6,1
LF:6
LH:6
BRDA:1,0,0,1
BRF:1
BRH:1
end_of_record
TN:
SF:src/model/money.ts
FN:4,Money
FNF:1
FNH:1
FNDA:1,Money
DA:1,1
DA:2,1
DA:3,1
DA:4,1
DA:5,1
DA:6,1
LF:6
LH:6
BRDA:3,0,0,1
BRDA:4,1,0,1
BRF:2
BRH:2
end_of_record
