TN:
SF:src/currency-converter.ts
FN:6,codeToIsoCode
FN:20,CurrencyConverter
FN:22,Object.<anonymous>.CurrencyConverter.sum
FNF:3
FNH:3
FNDA:26,codeToIsoCode
FNDA:8,CurrencyConverter
FNDA:7,Object.<anonymous>.CurrencyConverter.sum
DA:1,1
DA:2,1
DA:3,1
DA:4,1
DA:5,1
DA:6,26
DA:7,26
DA:8,26
DA:9,12
DA:10,26
DA:11,9
DA:12,26
DA:13,2
DA:14,26
DA:15,3
DA:16,26
DA:17,26
DA:18,1
DA:19,1
DA:20,1
DA:21,1
DA:22,1
DA:23,7
DA:24,7
DA:25,7
DA:26,7
DA:27,7
DA:28,7
DA:29,8
DA:30,8
DA:31,8
DA:32,8
DA:33,8
DA:34,8
DA:35,8
DA:36,8
DA:37,8
DA:38,8
DA:39,8
DA:40,8
DA:41,6
DA:42,6
DA:43,1
LF:43
LH:43
BRDA:6,0,0,26
BRDA:8,1,0,12
BRDA:10,2,0,9
BRDA:12,3,0,2
BRDA:14,4,0,3
BRDA:19,5,0,1
BRDA:20,6,0,8
BRDA:22,7,0,7
BRDA:28,8,0,8
BRDA:39,9,0,7
BRDA:39,10,0,0
BRDA:41,11,0,6
BRF:12
BRH:11
end_of_record
TN:
SF:src/external/conversion-rate-api.ts
FN:6,ConversionRateApi
FN:7,Object.<anonymous>.ConversionRateApi.getRate
FNF:2
FNH:2
FNDA:8,ConversionRateApi
FNDA:1,Object.<anonymous>.ConversionRateApi.getRate
DA:1,1
DA:2,1
DA:3,1
DA:4,1
DA:5,1
DA:6,8
DA:7,8
DA:8,1
DA:9,1
DA:10,1
DA:11,1
DA:12,1
DA:13,8
LF:13
LH:13
BRDA:6,0,0,1
BRDA:6,1,0,8
BRDA:7,2,0,1
BRF:3
BRH:3
end_of_record
TN:
SF:src/external/currency-iso-code.ts
FNF:0
FNH:0
DA:1,1
DA:2,1
DA:3,1
DA:4,1
DA:5,1
DA:6,1
LF:6
LH:6
BRDA:1,0,0,1
BRF:1
BRH:1
end_of_record
TN:
SF:src/model/currency.ts
FNF:0
FNH:0
DA:1,1
DA:2,1
DA:3,1
DA:4,1
DA:5,1
DA:6,1
LF:6
LH:6
BRDA:1,0,0,1
BRF:1
BRH:1
end_of_record
TN:
SF:src/model/money.ts
FN:4,Money
FNF:1
FNH:1
FNDA:14,Money
DA:1,1
DA:2,1
DA:3,1
DA:4,1
DA:5,14
DA:6,1
LF:6
LH:6
BRDA:3,0,0,1
BRDA:4,1,0,14
BRF:2
BRH:2
end_of_record
